2024-10-29 00:31:44,766 - TextChanger - INFO - Initializing application...
2024-10-29 00:31:45,168 - TextChanger - INFO - Starting application main loop
2024-10-29 00:32:56,988 - TextChanger - INFO - Initializing application...
2024-10-29 00:32:57,354 - TextChanger - INFO - Starting application main loop
2024-10-29 00:41:19,714 - TextChanger - INFO - Initializing application...
2024-10-29 00:41:20,081 - TextChanger - INFO - Starting application main loop
2024-10-29 00:43:02,486 - TextChanger - INFO - Initializing application...
2024-10-29 00:43:02,911 - TextChanger - INFO - Starting application main loop
2024-10-29 00:51:54,152 - TextChanger - INFO - Initializing application...
2024-10-29 00:52:50,990 - TextChanger - INFO - Initializing application...
2024-10-29 00:52:54,564 - TextChanger - INFO - Starting application main loop
2024-10-29 00:54:14,580 - TextChanger - INFO - Initializing application...
2024-10-29 00:54:25,942 - TextChanger - INFO - Starting application main loop
2024-10-29 00:55:57,150 - TextChanger - INFO - Initializing application...
2024-10-29 00:55:57,151 - TextChanger - ERROR - Failed to initialize application: 'TextReplacer' object has no attribute 'load_replacements'
2024-10-29 00:56:23,030 - TextChanger - INFO - Initializing application...
2024-10-29 00:56:23,384 - TextChanger - INFO - Starting application main loop
2024-10-29 00:59:42,007 - TextChanger - INFO - Initializing application...
2024-10-29 00:59:42,388 - TextChanger - INFO - Starting application main loop
2024-10-29 01:06:57,837 - TextChanger - INFO - Initializing application...
2024-10-29 01:06:58,198 - TextChanger - INFO - Starting application main loop
2024-10-29 01:10:56,023 - TextChanger - INFO - Initializing application...
2024-10-29 01:10:56,378 - TextChanger - INFO - Starting application main loop
2024-10-29 01:14:06,699 - TextChanger - INFO - Initializing application...
2024-10-29 01:14:07,061 - TextChanger - INFO - Starting application main loop
2024-10-29 02:15:10,232 - TextChanger - INFO - Initializing application...
2024-10-29 02:15:10,849 - TextChanger - INFO - Starting application main loop
2024-10-29 02:18:08,361 - TextChanger - INFO - Initializing application...
2024-10-29 02:18:08,734 - TextChanger - INFO - Starting application main loop
2024-10-29 02:25:09,028 - TextChanger - INFO - Initializing application...
2024-10-29 02:25:09,032 - TextChanger - ERROR - Failed to initialize application: Failed to load replacements: 'TextReplacer' object has no attribute 'replacements_cache'
2024-10-29 02:28:59,523 - TextChanger - INFO - Initializing application...
2024-10-29 02:28:59,901 - TextChanger - INFO - Starting application main loop
2024-10-29 02:34:13,164 - TextChanger - INFO - Initializing application...
2024-10-29 02:34:13,455 - TextChanger - ERROR - Failed to initialize application: 'accent'
2024-10-29 02:35:28,065 - TextChanger - INFO - Initializing application...
2024-10-29 02:35:28,349 - TextChanger - ERROR - Failed to initialize application: 'accent'
2024-10-29 02:36:47,886 - TextChanger - INFO - Initializing application...
2024-10-29 02:36:48,155 - TextChanger - ERROR - Failed to initialize application: 'accent'
2024-10-29 02:38:37,218 - TextChanger - INFO - Initializing application...
2024-10-29 02:38:37,494 - TextChanger - ERROR - Failed to initialize application: 'accent'
2024-10-29 02:38:51,147 - TextChanger - INFO - Initializing application...
2024-10-29 02:38:51,424 - TextChanger - ERROR - Failed to initialize application: 'accent'
2024-10-29 02:39:59,033 - TextChanger - INFO - Initializing application...
2024-10-29 02:39:59,303 - TextChanger - ERROR - Failed to initialize application: 'accent'
2024-10-29 02:41:26,024 - TextChanger - INFO - Initializing application...
2024-10-29 02:41:26,294 - TextChanger - ERROR - Failed to initialize application: 'accent'
2024-10-29 02:41:55,042 - TextChanger - INFO - Initializing application...
2024-10-29 02:41:55,317 - TextChanger - ERROR - Failed to initialize application: 'accent'
2024-10-29 02:42:27,808 - TextChanger - INFO - Initializing application...
2024-10-29 02:42:28,083 - TextChanger - ERROR - Failed to initialize application: 'accent'
2024-10-29 02:42:49,973 - TextChanger - INFO - Initializing application...
2024-10-29 02:42:50,333 - TextChanger - INFO - Starting application main loop
2024-10-29 02:44:22,315 - TextChanger - INFO - Initializing application...
2024-10-29 02:44:22,726 - TextChanger - INFO - Starting application main loop
2024-10-29 02:45:50,539 - TextChanger - INFO - Initializing application...
2024-10-29 02:45:50,919 - TextChanger - INFO - Starting application main loop
2024-10-29 02:51:42,290 - TextChanger - INFO - Initializing application...
2024-10-29 02:51:43,707 - TextChanger - INFO - Starting application main loop
2024-10-29 02:53:40,430 - TextChanger - INFO - Initializing application...
2024-10-29 02:53:40,810 - TextChanger - INFO - Starting application main loop
2024-10-29 02:55:37,885 - TextChanger - INFO - Initializing application...
2024-10-29 02:55:38,651 - TextChanger - INFO - Starting application main loop
2024-10-29 02:57:17,839 - TextChanger - INFO - Initializing application...
2024-10-29 02:57:18,620 - TextChanger - INFO - Starting application main loop
2024-10-29 03:02:50,343 - TextChanger - INFO - Initializing application...
2024-10-29 03:02:51,216 - TextChanger - INFO - Starting application main loop
2024-10-29 03:26:50,093 - TextChanger - INFO - Initializing application...
2024-10-29 03:27:01,185 - TextChanger - INFO - Starting application main loop
2024-10-29 03:28:05,621 - TextChanger - INFO - Initializing application...
2024-10-29 03:32:23,761 - TextChanger - INFO - Initializing application...
2024-10-29 03:32:26,377 - TextChanger - INFO - Starting application main loop
2024-10-29 03:33:10,564 - TextChanger - INFO - Initializing application...
2024-10-29 03:34:13,381 - TextChanger - INFO - Initializing application...
2024-10-29 03:34:16,718 - TextChanger - INFO - Starting application main loop
2024-10-29 03:34:42,258 - TextChanger - INFO - Initializing application...
2024-10-29 03:34:46,119 - TextChanger - INFO - Starting application main loop
2024-10-29 03:35:23,607 - TextChanger - INFO - Initializing application...
2024-10-29 03:38:00,877 - TextChanger - INFO - Starting application main loop
2024-10-29 03:39:03,349 - TextChanger - INFO - Initializing application...
2024-10-29 03:41:42,058 - TextChanger - INFO - Starting application main loop
2024-10-29 03:41:50,031 - TextChanger - INFO - Initializing application...
2024-10-29 03:41:50,840 - TextChanger - INFO - Starting application main loop
2024-10-29 03:50:22,996 - TextChanger - INFO - Initializing application...
2024-10-29 03:50:23,458 - TextChanger - ERROR - Failed to initialize application: MainWindow.__init__() missing 1 required positional argument: 'hotkey_manager'
2024-10-29 03:50:28,546 - TextChanger - INFO - Initializing application...
2024-10-29 03:50:28,870 - TextChanger - ERROR - Failed to initialize application: MainWindow.__init__() missing 1 required positional argument: 'hotkey_manager'
2024-10-29 03:52:40,138 - TextChanger - INFO - Initializing application...
2024-10-29 03:52:40,457 - TextChanger - ERROR - Failed to initialize application: MainWindow.__init__() missing 1 required positional argument: 'hotkey_manager'
2024-10-29 03:53:37,923 - TextChanger - INFO - Initializing application...
2024-10-29 03:53:38,714 - TextChanger - INFO - Starting application main loop
2024-10-29 03:55:03,796 - TextChanger - INFO - Initializing application...
2024-10-29 03:55:05,186 - TextChanger - INFO - Starting application main loop
2024-10-29 03:56:01,315 - TextChanger - INFO - Initializing application...
2024-10-29 03:56:02,165 - TextChanger - INFO - Starting application main loop
2024-10-29 04:00:57,466 - TextChanger - INFO - Initializing application...
2024-10-29 04:01:00,898 - TextChanger - INFO - Starting application main loop
2024-10-29 04:01:13,827 - TextChanger - INFO - Initializing application...
2024-10-29 04:03:46,229 - TextChanger - INFO - Initializing application...
2024-10-29 04:03:47,076 - TextChanger - INFO - Starting application main loop
2024-10-29 05:49:03,795 - TextChanger - INFO - Initializing application...
2024-10-29 05:49:04,639 - TextChanger - INFO - Starting application main loop
2024-10-29 05:50:18,921 - TextChanger - INFO - Initializing application...
2024-10-29 05:50:19,726 - TextChanger - INFO - Starting application main loop
2024-10-29 05:52:16,144 - TextChanger - INFO - Initializing application...
2024-10-29 05:52:16,958 - TextChanger - INFO - Starting application main loop
2024-10-29 05:57:14,203 - TextChanger - INFO - Initializing application...
2024-10-29 05:57:15,038 - TextChanger - INFO - Starting application main loop
2024-10-29 05:58:55,845 - TextChanger - INFO - Initializing application...
2024-10-29 05:58:56,679 - TextChanger - INFO - Starting application main loop
2024-10-29 06:01:37,402 - TextChanger - INFO - Initializing application...
2024-10-29 06:01:38,216 - TextChanger - INFO - Starting application main loop
2024-10-29 06:06:25,774 - TextChanger - INFO - Initializing application...
2024-10-29 06:06:26,598 - TextChanger - INFO - Starting application main loop
2024-10-29 06:09:16,236 - TextChanger - INFO - Initializing application...
2024-10-29 06:09:17,100 - TextChanger - INFO - Starting application main loop
2024-10-29 06:11:52,147 - TextChanger - INFO - Initializing application...
2024-10-29 06:11:52,996 - TextChanger - INFO - Starting application main loop
2024-10-29 06:13:52,988 - TextChanger - INFO - Initializing application...
2024-10-29 06:13:53,821 - TextChanger - INFO - Starting application main loop
2024-10-29 06:22:13,709 - TextChanger - INFO - Initializing application...
2024-10-29 06:22:14,496 - TextChanger - INFO - Starting application main loop
2024-10-29 14:53:39,335 - TextChanger - INFO - Initializing application...
2024-10-29 14:53:40,701 - TextChanger - INFO - Starting application main loop
2024-10-29 17:34:09,921 - TextChanger - INFO - Initializing application...
2024-10-29 17:34:10,703 - TextChanger - INFO - Starting application main loop
