2024-11-04 00:38:30,568 - TextChanger - INFO - Initializing application...
2024-11-04 00:38:32,537 - TextChanger - INFO - Starting application main loop
2024-11-04 02:09:29,156 - TextChanger - INFO - Initializing application...
2024-11-04 02:09:31,610 - TextChanger - INFO - Starting application main loop
2024-11-04 02:10:03,862 - TextChanger - INFO - Initializing application...
2024-11-04 02:10:05,659 - TextChanger - INFO - Starting application main loop
2024-11-04 02:10:55,438 - TextChanger - INFO - Initializing application...
2024-11-04 02:10:57,209 - TextChanger - INFO - Starting application main loop
2024-11-04 02:11:10,708 - TextChanger - INFO - Initializing application...
2024-11-04 02:11:12,525 - TextChanger - INFO - Starting application main loop
2024-11-04 02:30:13,530 - TextChanger - INFO - Initializing application...
2024-11-04 02:30:15,335 - TextChanger - INFO - Starting application main loop
2024-11-04 02:31:56,979 - TextChanger - INFO - Initializing application...
2024-11-04 02:31:58,757 - TextChanger - INFO - Starting application main loop
2024-11-04 02:33:16,808 - TextChanger - INFO - Initializing application...
2024-11-04 02:33:18,597 - TextChanger - INFO - Starting application main loop
2024-11-04 02:33:37,094 - TextChanger - INFO - Initializing application...
2024-11-04 02:33:38,872 - TextChanger - INFO - Starting application main loop
2024-11-04 02:33:54,658 - TextChanger - INFO - Initializing application...
2024-11-04 02:33:56,497 - TextChanger - INFO - Starting application main loop
2024-11-04 02:34:12,070 - TextChanger - INFO - Initializing application...
2024-11-04 02:34:13,839 - TextChanger - INFO - Starting application main loop
2024-11-04 02:35:38,376 - TextChanger - INFO - Initializing application...
2024-11-04 02:35:40,220 - TextChanger - INFO - Starting application main loop
2024-11-04 02:35:59,816 - TextChanger - INFO - Initializing application...
2024-11-04 02:36:01,628 - TextChanger - INFO - Starting application main loop
2024-11-04 02:36:29,773 - TextChanger - INFO - Initializing application...
2024-11-04 02:36:31,551 - TextChanger - INFO - Starting application main loop
2024-11-04 02:37:07,746 - TextChanger - INFO - Initializing application...
2024-11-04 02:37:09,585 - TextChanger - INFO - Starting application main loop
2024-11-04 02:39:16,609 - TextChanger - INFO - Initializing application...
2024-11-04 02:39:18,390 - TextChanger - INFO - Starting application main loop
2024-11-04 02:40:10,494 - TextChanger - INFO - Initializing application...
2024-11-04 02:40:12,280 - TextChanger - INFO - Starting application main loop
2024-11-04 02:40:56,101 - TextChanger - INFO - Initializing application...
2024-11-04 02:40:57,846 - TextChanger - INFO - Starting application main loop
2024-11-04 02:41:13,573 - TextChanger - INFO - Initializing application...
2024-11-04 02:41:15,347 - TextChanger - INFO - Starting application main loop
2024-11-04 02:41:39,106 - TextChanger - INFO - Initializing application...
2024-11-04 02:41:40,871 - TextChanger - INFO - Starting application main loop
2024-11-04 02:42:29,808 - TextChanger - INFO - Initializing application...
2024-11-04 02:42:31,562 - TextChanger - INFO - Starting application main loop
2024-11-04 02:42:46,479 - TextChanger - INFO - Initializing application...
2024-11-04 02:42:48,277 - TextChanger - INFO - Starting application main loop
2024-11-04 02:44:38,415 - TextChanger - INFO - Initializing application...
2024-11-04 02:44:40,250 - TextChanger - INFO - Starting application main loop
2024-11-04 02:45:41,166 - TextChanger - INFO - Initializing application...
2024-11-04 02:45:42,966 - TextChanger - INFO - Starting application main loop
2024-11-04 02:46:46,811 - TextChanger - INFO - Initializing application...
2024-11-04 02:46:48,597 - TextChanger - INFO - Starting application main loop
2024-11-04 02:47:06,309 - TextChanger - INFO - Initializing application...
2024-11-04 02:47:08,113 - TextChanger - INFO - Starting application main loop
2024-11-04 02:48:17,696 - TextChanger - INFO - Initializing application...
2024-11-04 02:48:19,546 - TextChanger - INFO - Starting application main loop
2024-11-04 02:49:37,649 - TextChanger - INFO - Initializing application...
2024-11-04 02:49:39,452 - TextChanger - INFO - Starting application main loop
2024-11-04 02:50:23,988 - TextChanger - INFO - Initializing application...
2024-11-04 02:50:25,802 - TextChanger - INFO - Starting application main loop
2024-11-04 02:52:27,229 - TextChanger - INFO - Initializing application...
2024-11-04 02:52:29,016 - TextChanger - INFO - Starting application main loop
2024-11-04 02:53:50,140 - TextChanger - INFO - Initializing application...
2024-11-04 02:53:51,889 - TextChanger - INFO - Starting application main loop
2024-11-04 02:54:24,307 - TextChanger - INFO - Initializing application...
2024-11-04 02:54:26,079 - TextChanger - INFO - Starting application main loop
2024-11-04 02:54:55,940 - TextChanger - INFO - Initializing application...
2024-11-04 02:54:57,754 - TextChanger - INFO - Starting application main loop
2024-11-04 02:55:33,986 - TextChanger - INFO - Initializing application...
2024-11-04 02:55:35,795 - TextChanger - INFO - Starting application main loop
2024-11-04 02:55:48,162 - TextChanger - INFO - Initializing application...
2024-11-04 02:55:50,012 - TextChanger - INFO - Starting application main loop
2024-11-04 02:56:44,744 - TextChanger - INFO - Initializing application...
2024-11-04 02:56:46,511 - TextChanger - INFO - Starting application main loop
2024-11-04 02:58:03,702 - TextChanger - INFO - Initializing application...
2024-11-04 02:58:05,450 - TextChanger - INFO - Starting application main loop
2024-11-04 02:58:26,372 - TextChanger - INFO - Initializing application...
2024-11-04 02:58:28,108 - TextChanger - INFO - Starting application main loop
2024-11-04 02:59:07,688 - TextChanger - INFO - Initializing application...
2024-11-04 02:59:09,433 - TextChanger - INFO - Starting application main loop
2024-11-04 02:59:23,903 - TextChanger - INFO - Initializing application...
2024-11-04 02:59:25,682 - TextChanger - INFO - Starting application main loop
2024-11-04 02:59:43,622 - TextChanger - INFO - Initializing application...
2024-11-04 02:59:45,373 - TextChanger - INFO - Starting application main loop
2024-11-04 03:00:22,008 - TextChanger - INFO - Initializing application...
2024-11-04 03:00:23,763 - TextChanger - INFO - Starting application main loop
2024-11-04 03:02:44,188 - TextChanger - INFO - Initializing application...
2024-11-04 03:02:45,969 - TextChanger - INFO - Starting application main loop
2024-11-04 03:04:41,222 - TextChanger - INFO - Initializing application...
2024-11-04 03:04:42,983 - TextChanger - INFO - Starting application main loop
2024-11-04 03:05:28,112 - TextChanger - INFO - Initializing application...
2024-11-04 03:05:29,900 - TextChanger - INFO - Starting application main loop
2024-11-04 03:05:49,876 - TextChanger - INFO - Initializing application...
2024-11-04 03:05:51,633 - TextChanger - INFO - Starting application main loop
2024-11-04 03:06:05,026 - TextChanger - INFO - Initializing application...
2024-11-04 03:06:06,774 - TextChanger - INFO - Starting application main loop
2024-11-04 03:07:46,695 - TextChanger - INFO - Initializing application...
2024-11-04 03:07:48,454 - TextChanger - INFO - Starting application main loop
2024-11-04 03:08:42,583 - TextChanger - INFO - Initializing application...
2024-11-04 03:08:44,396 - TextChanger - INFO - Starting application main loop
2024-11-04 03:10:50,831 - TextChanger - INFO - Initializing application...
2024-11-04 03:10:52,625 - TextChanger - INFO - Starting application main loop
2024-11-04 03:11:39,535 - TextChanger - INFO - Initializing application...
2024-11-04 03:11:41,316 - TextChanger - INFO - Starting application main loop
2024-11-04 03:12:09,732 - TextChanger - INFO - Initializing application...
2024-11-04 03:12:11,600 - TextChanger - INFO - Starting application main loop
2024-11-04 03:15:33,180 - TextChanger - INFO - Initializing application...
2024-11-04 03:15:34,987 - TextChanger - INFO - Starting application main loop
2024-11-04 03:16:00,132 - TextChanger - INFO - Initializing application...
2024-11-04 03:16:01,911 - TextChanger - INFO - Starting application main loop
2024-11-04 03:16:15,110 - TextChanger - INFO - Initializing application...
2024-11-04 03:16:16,986 - TextChanger - INFO - Starting application main loop
2024-11-04 03:17:54,973 - TextChanger - INFO - Initializing application...
2024-11-04 03:17:57,009 - TextChanger - INFO - Starting application main loop
2024-11-04 03:20:08,972 - TextChanger - INFO - Initializing application...
2024-11-04 03:20:10,756 - TextChanger - INFO - Starting application main loop
2024-11-04 06:06:18,924 - TextChanger - INFO - Initializing application...
2024-11-04 06:06:21,163 - TextChanger - INFO - Starting application main loop
2024-11-04 06:09:13,141 - TextChanger - INFO - Initializing application...
2024-11-04 06:09:15,108 - TextChanger - INFO - Starting application main loop
2024-11-04 06:09:52,557 - TextChanger - INFO - Initializing application...
2024-11-04 06:09:54,458 - TextChanger - INFO - Starting application main loop
2024-11-04 06:10:22,868 - TextChanger - INFO - Initializing application...
2024-11-04 06:10:24,852 - TextChanger - INFO - Starting application main loop
2024-11-04 06:10:53,406 - TextChanger - INFO - Initializing application...
2024-11-04 06:10:55,294 - TextChanger - INFO - Starting application main loop
2024-11-04 06:11:52,170 - TextChanger - INFO - Initializing application...
2024-11-04 06:11:54,471 - TextChanger - INFO - Starting application main loop
2024-11-04 06:12:17,166 - TextChanger - INFO - Initializing application...
2024-11-04 06:12:19,046 - TextChanger - INFO - Starting application main loop
2024-11-04 06:13:02,560 - TextChanger - INFO - Initializing application...
2024-11-04 06:13:04,499 - TextChanger - INFO - Starting application main loop
2024-11-04 06:15:14,550 - TextChanger - INFO - Initializing application...
2024-11-04 06:15:16,192 - TextChanger - ERROR - Failed to initialize application: unknown option "-height"
2024-11-04 06:15:27,345 - TextChanger - INFO - Initializing application...
2024-11-04 06:15:29,184 - TextChanger - INFO - Starting application main loop
2024-11-04 06:16:25,476 - TextChanger - INFO - Initializing application...
2024-11-04 06:16:27,425 - TextChanger - INFO - Starting application main loop
2024-11-04 06:17:34,992 - TextChanger - INFO - Initializing application...
2024-11-04 06:17:36,826 - TextChanger - INFO - Starting application main loop
2024-11-04 06:19:01,495 - TextChanger - INFO - Initializing application...
2024-11-04 06:19:03,145 - TextChanger - ERROR - Failed to initialize application: unknown option "-pady"
2024-11-04 06:19:12,528 - TextChanger - INFO - Initializing application...
2024-11-04 06:19:14,374 - TextChanger - INFO - Starting application main loop
2024-11-04 06:19:44,437 - TextChanger - INFO - Initializing application...
2024-11-04 06:19:46,305 - TextChanger - INFO - Starting application main loop
2024-11-04 06:20:51,497 - TextChanger - INFO - Initializing application...
2024-11-04 06:20:53,345 - TextChanger - INFO - Starting application main loop
2024-11-04 06:21:38,312 - TextChanger - INFO - Initializing application...
2024-11-04 06:21:40,185 - TextChanger - INFO - Starting application main loop
2024-11-04 06:21:54,277 - TextChanger - INFO - Initializing application...
2024-11-04 06:21:56,052 - TextChanger - INFO - Starting application main loop
2024-11-04 06:26:05,364 - TextChanger - INFO - Initializing application...
2024-11-04 06:26:07,249 - TextChanger - INFO - Starting application main loop
2024-11-04 06:26:51,221 - TextChanger - INFO - Initializing application...
2024-11-04 06:26:53,073 - TextChanger - INFO - Starting application main loop
2024-11-04 06:27:08,953 - TextChanger - INFO - Initializing application...
2024-11-04 06:27:10,822 - TextChanger - INFO - Starting application main loop
2024-11-04 06:27:51,538 - TextChanger - INFO - Initializing application...
2024-11-04 06:27:53,444 - TextChanger - INFO - Starting application main loop
2024-11-04 06:30:18,498 - TextChanger - INFO - Initializing application...
2024-11-04 06:30:20,411 - TextChanger - INFO - Starting application main loop
2024-11-04 06:30:38,851 - TextChanger - INFO - Initializing application...
2024-11-04 06:30:40,732 - TextChanger - INFO - Starting application main loop
2024-11-04 06:31:44,864 - TextChanger - INFO - Initializing application...
2024-11-04 06:31:46,800 - TextChanger - INFO - Starting application main loop
2024-11-04 06:32:58,305 - TextChanger - INFO - Initializing application...
2024-11-04 06:33:00,180 - TextChanger - INFO - Starting application main loop
2024-11-04 06:33:43,120 - TextChanger - INFO - Initializing application...
2024-11-04 06:33:45,003 - TextChanger - INFO - Starting application main loop
2024-11-04 06:35:41,296 - TextChanger - INFO - Initializing application...
2024-11-04 06:35:43,160 - TextChanger - INFO - Starting application main loop
2024-11-04 06:36:05,918 - TextChanger - INFO - Initializing application...
2024-11-04 06:36:07,784 - TextChanger - INFO - Starting application main loop
2024-11-04 06:36:47,544 - TextChanger - INFO - Initializing application...
2024-11-04 06:36:49,402 - TextChanger - INFO - Starting application main loop
2024-11-04 06:37:14,668 - TextChanger - INFO - Initializing application...
2024-11-04 06:37:16,576 - TextChanger - INFO - Starting application main loop
2024-11-04 06:38:44,231 - TextChanger - INFO - Initializing application...
2024-11-04 06:38:46,096 - TextChanger - INFO - Starting application main loop
2024-11-04 06:41:52,090 - TextChanger - INFO - Initializing application...
2024-11-04 06:41:53,938 - TextChanger - INFO - Starting application main loop
2024-11-04 06:42:17,365 - TextChanger - INFO - Initializing application...
2024-11-04 06:42:19,213 - TextChanger - INFO - Starting application main loop
2024-11-04 06:42:31,679 - TextChanger - INFO - Initializing application...
2024-11-04 06:42:33,578 - TextChanger - INFO - Starting application main loop
2024-11-04 06:43:00,161 - TextChanger - INFO - Initializing application...
2024-11-04 06:43:02,011 - TextChanger - INFO - Starting application main loop
2024-11-04 06:45:36,749 - TextChanger - INFO - Initializing application...
2024-11-04 06:45:38,388 - TextChanger - ERROR - Failed to initialize application: 'tuple' object is not callable
2024-11-04 06:45:56,416 - TextChanger - INFO - Initializing application...
2024-11-04 06:45:58,057 - TextChanger - ERROR - Failed to initialize application: 'tuple' object is not callable
2024-11-04 06:46:09,867 - TextChanger - INFO - Initializing application...
2024-11-04 06:46:11,731 - TextChanger - INFO - Starting application main loop
2024-11-04 06:46:56,096 - TextChanger - INFO - Initializing application...
2024-11-04 06:46:57,983 - TextChanger - INFO - Starting application main loop
2024-11-04 06:47:27,209 - TextChanger - INFO - Initializing application...
2024-11-04 06:47:29,072 - TextChanger - INFO - Starting application main loop
2024-11-04 06:48:08,636 - TextChanger - INFO - Initializing application...
2024-11-04 06:48:10,519 - TextChanger - INFO - Starting application main loop
2024-11-04 06:49:23,579 - TextChanger - INFO - Initializing application...
2024-11-04 06:49:25,437 - TextChanger - INFO - Starting application main loop
2024-11-04 06:53:23,523 - TextChanger - INFO - Initializing application...
2024-11-04 06:53:25,331 - TextChanger - INFO - Starting application main loop
2024-11-04 06:54:51,288 - TextChanger - INFO - Initializing application...
2024-11-04 06:54:53,194 - TextChanger - INFO - Starting application main loop
2024-11-04 06:55:07,704 - TextChanger - INFO - Initializing application...
2024-11-04 06:55:09,651 - TextChanger - INFO - Starting application main loop
2024-11-04 06:55:24,095 - TextChanger - INFO - Initializing application...
2024-11-04 06:55:25,996 - TextChanger - INFO - Starting application main loop
2024-11-04 06:57:58,613 - TextChanger - INFO - Initializing application...
2024-11-04 06:57:59,609 - TextChanger - INFO - Starting application main loop
2024-11-04 06:58:32,944 - TextChanger - INFO - Initializing application...
2024-11-04 06:58:33,670 - TextChanger - ERROR - Failed to initialize application: bad operation "w": must be array, read, unset, or write
2024-11-04 06:58:45,429 - TextChanger - INFO - Initializing application...
2024-11-04 06:58:46,413 - TextChanger - INFO - Starting application main loop
2024-11-04 07:04:31,056 - TextChanger - INFO - Initializing application...
2024-11-04 07:04:32,193 - TextChanger - INFO - Starting application main loop
2024-11-04 07:05:08,979 - TextChanger - INFO - Initializing application...
2024-11-04 07:05:09,965 - TextChanger - INFO - Starting application main loop
2024-11-04 07:05:21,922 - TextChanger - INFO - Initializing application...
2024-11-04 07:05:22,917 - TextChanger - INFO - Starting application main loop
2024-11-04 07:05:30,030 - TextChanger - INFO - Initializing application...
2024-11-04 07:05:31,055 - TextChanger - INFO - Starting application main loop
2024-11-04 07:07:29,753 - TextChanger - INFO - Initializing application...
2024-11-04 07:07:31,018 - TextChanger - INFO - Starting application main loop
2024-11-04 07:09:36,836 - TextChanger - INFO - Initializing application...
2024-11-04 07:09:37,819 - TextChanger - INFO - Starting application main loop
2024-11-04 07:15:09,498 - TextChanger - INFO - Initializing application...
2024-11-04 07:15:10,485 - TextChanger - INFO - Starting application main loop
2024-11-04 07:18:47,586 - TextChanger - INFO - Initializing application...
2024-11-04 07:18:48,646 - TextChanger - INFO - Starting application main loop
2024-11-04 07:19:31,152 - TextChanger - INFO - Initializing application...
2024-11-04 07:19:32,132 - TextChanger - INFO - Starting application main loop
2024-11-04 07:20:19,986 - TextChanger - INFO - Initializing application...
2024-11-04 07:20:20,987 - TextChanger - INFO - Starting application main loop
2024-11-04 07:22:55,245 - TextChanger - INFO - Initializing application...
2024-11-04 07:22:56,317 - TextChanger - INFO - Starting application main loop
2024-11-04 07:25:06,772 - TextChanger - INFO - Initializing application...
2024-11-04 07:25:07,823 - TextChanger - INFO - Starting application main loop
2024-11-04 07:29:50,875 - TextChanger - INFO - Initializing application...
2024-11-04 07:29:51,878 - TextChanger - INFO - Starting application main loop
2024-11-04 07:30:16,212 - TextChanger - INFO - Initializing application...
2024-11-04 07:30:17,316 - TextChanger - INFO - Starting application main loop
2024-11-04 14:30:43,859 - TextChanger - INFO - Initializing application...
2024-11-04 14:30:45,253 - TextChanger - INFO - Starting application main loop
2024-11-04 18:25:35,859 - TextChanger - INFO - Initializing application...
2024-11-04 18:25:37,161 - TextChanger - INFO - Starting application main loop
2024-11-04 18:44:02,719 - TextChanger - INFO - Initializing application...
2024-11-04 18:44:03,905 - TextChanger - INFO - Starting application main loop
