2024-10-25 04:36:56,355 - TextChanger - INFO - Initializing application...
2024-10-25 04:37:02,645 - TextChanger - INFO - Starting application main loop
2024-10-25 04:39:59,417 - TextChanger - INFO - Initializing application...
2024-10-25 04:39:59,796 - TextChanger - INFO - Starting application main loop
2024-10-25 04:40:42,386 - TextChanger - INFO - Initializing application...
2024-10-25 04:40:42,776 - TextChanger - INFO - Starting application main loop
2024-10-25 04:41:11,598 - TextChanger - INFO - Initializing application...
2024-10-25 04:41:11,977 - TextChanger - INFO - Starting application main loop
2024-10-25 05:02:19,209 - TextChanger - INFO - Initializing application...
2024-10-25 05:02:19,604 - TextChanger - INFO - Starting application main loop
2024-10-25 05:05:13,325 - TextChanger - INFO - Initializing application...
2024-10-25 05:05:13,710 - TextChanger - INFO - Starting application main loop
2024-10-25 05:07:56,134 - TextChanger - INFO - Initializing application...
2024-10-25 05:07:56,523 - TextChanger - ERROR - Failed to initialize application: 'MainWindow' object has no attribute 'on_edit_shortcut'
2024-10-25 05:09:48,398 - TextChanger - INFO - Initializing application...
2024-10-25 05:09:57,021 - TextChanger - ERROR - Failed to initialize application: 'MainWindow' object has no attribute 'update_service_status'
2024-10-25 05:10:12,149 - TextChanger - INFO - Initializing application...
2024-10-25 05:10:19,477 - TextChanger - INFO - Starting application main loop
2024-10-25 05:10:56,227 - TextChanger - INFO - Initializing application...
2024-10-25 05:10:56,629 - TextChanger - INFO - Starting application main loop
2024-10-25 05:11:05,660 - TextChanger - INFO - Initializing application...
2024-10-25 05:11:06,054 - TextChanger - INFO - Starting application main loop
2024-10-25 05:17:30,603 - TextChanger - INFO - Initializing application...
2024-10-25 05:17:55,267 - TextChanger - INFO - Starting application main loop
2024-10-25 05:18:15,122 - TextChanger - INFO - Initializing application...
2024-10-25 05:18:15,506 - TextChanger - INFO - Starting application main loop
2024-10-25 05:20:48,728 - TextChanger - INFO - Initializing application...
2024-10-25 05:20:49,118 - TextChanger - INFO - Starting application main loop
2024-10-25 05:28:25,543 - TextChanger - INFO - Initializing application...
2024-10-25 05:28:25,946 - TextChanger - INFO - Starting application main loop
2024-10-25 05:41:55,050 - TextChanger - INFO - Initializing application...
2024-10-25 05:41:55,429 - TextChanger - INFO - Starting application main loop
2024-10-25 05:45:31,701 - TextChanger - INFO - Initializing application...
2024-10-25 05:45:32,080 - TextChanger - INFO - Starting application main loop
2024-10-25 05:57:35,340 - TextChanger - INFO - Initializing application...
2024-10-25 05:57:35,718 - TextChanger - INFO - Starting application main loop
2024-10-25 06:01:40,751 - TextChanger - INFO - Initializing application...
2024-10-25 06:01:41,085 - TextChanger - ERROR - Failed to initialize application: 'Sidebar' object has no attribute 'create_shortcuts_tab'
2024-10-25 06:02:42,438 - TextChanger - INFO - Initializing application...
2024-10-25 06:02:42,761 - TextChanger - ERROR - Failed to initialize application: 'Sidebar' object has no attribute 'create_credentials_tab'
2024-10-25 06:02:57,401 - TextChanger - INFO - Initializing application...
2024-10-25 06:02:57,769 - TextChanger - INFO - Starting application main loop
2024-10-25 06:08:48,068 - TextChanger - INFO - Initializing application...
2024-10-25 06:08:48,450 - TextChanger - INFO - Starting application main loop
2024-10-25 06:09:27,708 - TextChanger - INFO - Initializing application...
2024-10-25 06:09:28,151 - TextChanger - INFO - Starting application main loop
2024-10-25 06:10:22,168 - TextChanger - INFO - Initializing application...
2024-10-25 06:10:22,538 - TextChanger - INFO - Starting application main loop
2024-10-25 16:31:12,218 - TextChanger - INFO - Initializing application...
2024-10-25 16:31:12,838 - TextChanger - INFO - Starting application main loop
2024-10-25 17:56:57,753 - TextChanger - INFO - Initializing application...
2024-10-25 17:56:58,389 - TextChanger - INFO - Starting application main loop
2024-10-25 18:00:18,627 - TextChanger - INFO - Initializing application...
2024-10-25 18:00:19,002 - TextChanger - INFO - Starting application main loop
2024-10-25 18:01:22,171 - TextChanger - INFO - Initializing application...
2024-10-25 18:01:22,673 - TextChanger - INFO - Starting application main loop
2024-10-25 18:03:52,722 - TextChanger - INFO - Initializing application...
2024-10-25 18:03:53,169 - TextChanger - INFO - Starting application main loop
2024-10-25 18:10:21,204 - TextChanger - INFO - Initializing application...
2024-10-25 18:10:21,658 - TextChanger - INFO - Starting application main loop
2024-10-25 18:41:18,157 - TextChanger - INFO - Initializing application...
2024-10-25 18:41:18,584 - TextChanger - INFO - Starting application main loop
