2024-10-24 05:58:29,474 - TextChanger - INFO - Initializing application...
2024-10-24 05:58:29,475 - TextChanger - ERROR - Failed to initialize application: You can only execute one statement at a time.
2024-10-24 06:01:12,341 - TextChanger - INFO - Initializing application...
2024-10-24 06:01:13,006 - TextChanger - INFO - Starting application main loop
2024-10-24 06:04:08,582 - TextChanger - INFO - Initializing application...
2024-10-24 06:04:08,935 - TextChanger - ERROR - Failed to initialize application: Sidebar.create_header() takes 1 positional argument but 2 were given
2024-10-24 06:06:24,176 - TextChanger - INFO - Initializing application...
2024-10-24 06:06:24,552 - TextChanger - INFO - Starting application main loop
2024-10-24 06:10:19,639 - TextChanger - INFO - Initializing application...
2024-10-24 06:10:20,021 - TextChanger - INFO - Starting application main loop
2024-10-24 06:17:14,521 - TextChanger - INFO - Initializing application...
2024-10-24 06:17:14,911 - TextChanger - INFO - Starting application main loop
2024-10-24 06:20:28,172 - TextChanger - INFO - Initializing application...
2024-10-24 06:20:28,560 - TextChanger - INFO - Starting application main loop
2024-10-24 06:23:36,093 - TextChanger - INFO - Initializing application...
2024-10-24 06:23:36,522 - TextChanger - INFO - Starting application main loop
2024-10-24 06:27:18,243 - TextChanger - INFO - Initializing application...
2024-10-24 06:27:18,634 - TextChanger - INFO - Starting application main loop
2024-10-24 06:28:06,439 - TextChanger - INFO - Initializing application...
2024-10-24 06:28:06,847 - TextChanger - INFO - Starting application main loop
2024-10-24 06:59:30,024 - TextChanger - INFO - Initializing application...
2024-10-24 06:59:30,522 - TextChanger - INFO - Starting application main loop
2024-10-24 07:01:28,274 - TextChanger - INFO - Initializing application...
2024-10-24 07:01:28,782 - TextChanger - INFO - Starting application main loop
2024-10-24 07:08:14,364 - TextChanger - INFO - Initializing application...
2024-10-24 07:08:14,765 - TextChanger - ERROR - Failed to initialize application: 'Sidebar' object has no attribute 'create_clear_button'
2024-10-24 21:15:07,602 - TextChanger - INFO - Initializing application...
2024-10-24 21:15:08,247 - TextChanger - ERROR - Failed to initialize application: 'Sidebar' object has no attribute 'create_clear_button'
2024-10-24 21:17:07,317 - TextChanger - INFO - Initializing application...
2024-10-24 21:17:07,644 - TextChanger - ERROR - Failed to initialize application: 'Sidebar' object has no attribute 'create_clear_button'
2024-10-24 21:18:20,920 - TextChanger - INFO - Initializing application...
2024-10-24 21:18:21,272 - TextChanger - INFO - Starting application main loop
2024-10-24 21:21:12,770 - TextChanger - INFO - Initializing application...
2024-10-24 21:21:13,113 - TextChanger - ERROR - Failed to initialize application: 'MainWindow' object has no attribute 'delete_credential'
2024-10-24 21:23:51,656 - TextChanger - INFO - Initializing application...
2024-10-24 21:23:51,974 - TextChanger - ERROR - Failed to initialize application: 'MainWindow' object has no attribute 'delete_credential'
2024-10-24 21:27:19,724 - TextChanger - INFO - Initializing application...
2024-10-24 21:27:20,085 - TextChanger - INFO - Starting application main loop
2024-10-24 21:28:46,658 - TextChanger - INFO - Initializing application...
2024-10-24 21:28:51,506 - TextChanger - INFO - Starting application main loop
2024-10-24 21:29:26,862 - TextChanger - INFO - Initializing application...
2024-10-24 21:29:27,225 - TextChanger - INFO - Starting application main loop
2024-10-24 21:29:48,573 - TextChanger - INFO - Initializing application...
2024-10-24 21:29:48,933 - TextChanger - INFO - Starting application main loop
2024-10-24 21:31:01,052 - TextChanger - INFO - Initializing application...
2024-10-24 21:31:01,405 - TextChanger - INFO - Starting application main loop
2024-10-24 21:31:20,739 - TextChanger - INFO - Initializing application...
2024-10-24 21:31:21,082 - TextChanger - INFO - Starting application main loop
2024-10-24 21:38:15,009 - TextChanger - INFO - Initializing application...
2024-10-24 21:38:19,612 - TextChanger - INFO - Starting application main loop
2024-10-24 21:38:44,107 - TextChanger - INFO - Initializing application...
2024-10-24 21:38:44,547 - TextChanger - INFO - Starting application main loop
2024-10-24 21:39:34,246 - TextChanger - INFO - Initializing application...
2024-10-24 21:39:34,592 - TextChanger - INFO - Starting application main loop
2024-10-24 21:41:10,283 - TextChanger - INFO - Initializing application...
2024-10-24 21:41:10,641 - TextChanger - INFO - Starting application main loop
2024-10-24 21:43:20,749 - TextChanger - INFO - Initializing application...
2024-10-24 21:43:21,095 - TextChanger - INFO - Starting application main loop
