2024-10-28 19:25:08,222 - TextChanger - INFO - Initializing application...
2024-10-28 19:25:08,804 - TextChanger - INFO - Starting application main loop
2024-10-28 20:24:18,705 - TextChanger - INFO - Initializing application...
2024-10-28 20:24:19,069 - TextChanger - INFO - Starting application main loop
2024-10-28 20:25:47,029 - TextChanger - INFO - Initializing application...
2024-10-28 20:25:47,410 - TextChanger - INFO - Starting application main loop
2024-10-28 20:30:21,967 - TextChanger - INFO - Initializing application...
2024-10-28 20:30:22,350 - TextChanger - INFO - Starting application main loop
2024-10-28 20:32:18,087 - TextChanger - INFO - Initializing application...
2024-10-28 20:32:18,467 - TextChanger - INFO - Starting application main loop
2024-10-28 20:40:04,250 - TextChanger - INFO - Initializing application...
2024-10-28 20:40:04,626 - TextChanger - INFO - Starting application main loop
2024-10-28 20:43:51,249 - TextChanger - INFO - Initializing application...
2024-10-28 20:43:51,610 - TextChanger - INFO - Starting application main loop
2024-10-28 20:45:11,944 - TextChanger - INFO - Initializing application...
2024-10-28 20:45:12,310 - TextChanger - INFO - Starting application main loop
2024-10-28 20:47:30,736 - TextChanger - INFO - Initializing application...
2024-10-28 20:47:31,163 - TextChanger - INFO - Starting application main loop
2024-10-28 20:51:25,357 - TextChanger - INFO - Initializing application...
2024-10-28 20:51:25,732 - TextChanger - INFO - Starting application main loop
2024-10-28 20:55:40,291 - TextChanger - INFO - Initializing application...
2024-10-28 20:55:57,072 - TextChanger - INFO - Starting application main loop
2024-10-28 20:59:14,335 - TextChanger - INFO - Initializing application...
2024-10-28 20:59:14,709 - TextChanger - INFO - Starting application main loop
2024-10-28 21:13:47,687 - TextChanger - INFO - Initializing application...
2024-10-28 21:13:47,688 - TextChanger - ERROR - Failed to initialize application: name 'c_int' is not defined
2024-10-28 21:15:09,262 - TextChanger - INFO - Initializing application...
2024-10-28 21:15:09,615 - TextChanger - INFO - Starting application main loop
2024-10-28 21:17:14,595 - TextChanger - INFO - Initializing application...
2024-10-28 21:17:14,975 - TextChanger - INFO - Starting application main loop
2024-10-28 21:29:07,680 - TextChanger - INFO - Initializing application...
2024-10-28 21:29:08,063 - TextChanger - INFO - Starting application main loop
2024-10-28 21:30:39,931 - TextChanger - INFO - Initializing application...
2024-10-28 21:30:40,351 - TextChanger - INFO - Starting application main loop
2024-10-28 21:35:46,951 - TextChanger - INFO - Initializing application...
2024-10-28 21:35:47,352 - TextChanger - INFO - Starting application main loop
2024-10-28 21:42:39,947 - TextChanger - INFO - Initializing application...
2024-10-28 21:42:40,303 - TextChanger - INFO - Starting application main loop
2024-10-28 21:51:53,350 - TextChanger - INFO - Initializing application...
2024-10-28 21:51:53,710 - TextChanger - INFO - Starting application main loop
2024-10-28 22:15:36,292 - TextChanger - INFO - Initializing application...
2024-10-28 22:15:36,293 - TextChanger - ERROR - Failed to initialize application: 'TextReplacer' object has no attribute 'load_replacements'
2024-10-28 22:15:45,093 - TextChanger - INFO - Initializing application...
2024-10-28 22:15:45,472 - TextChanger - INFO - Starting application main loop
2024-10-28 22:16:39,112 - TextChanger - INFO - Initializing application...
2024-10-28 22:16:39,113 - TextChanger - ERROR - Failed to initialize application: 'TextReplacer' object has no attribute 'load_replacements'
2024-10-28 22:18:15,045 - TextChanger - INFO - Initializing application...
2024-10-28 22:18:15,408 - TextChanger - INFO - Starting application main loop
2024-10-28 22:23:54,804 - TextChanger - INFO - Initializing application...
2024-10-28 22:23:55,163 - TextChanger - INFO - Starting application main loop
2024-10-28 22:29:02,387 - TextChanger - INFO - Initializing application...
2024-10-28 22:29:02,387 - TextChanger - ERROR - Failed to initialize application: 'Application' object has no attribute 'initialize_application'
2024-10-28 22:29:11,088 - TextChanger - INFO - Initializing application...
2024-10-28 22:29:11,439 - TextChanger - INFO - Starting application main loop
2024-10-28 22:38:26,132 - TextChanger - INFO - Initializing application...
2024-10-28 22:38:26,727 - TextChanger - INFO - Starting application main loop
2024-10-28 22:42:53,964 - TextChanger - INFO - Initializing application...
2024-10-28 22:42:54,359 - TextChanger - INFO - Starting application main loop
2024-10-28 22:44:29,790 - TextChanger - INFO - Initializing application...
2024-10-28 22:44:30,150 - TextChanger - INFO - Starting application main loop
2024-10-28 22:47:52,441 - TextChanger - INFO - Initializing application...
2024-10-28 22:47:52,810 - TextChanger - INFO - Starting application main loop
2024-10-28 22:48:24,571 - TextChanger - INFO - Initializing application...
2024-10-28 22:48:24,945 - TextChanger - INFO - Starting application main loop
2024-10-28 22:52:08,104 - TextChanger - INFO - Initializing application...
2024-10-28 22:52:08,467 - TextChanger - INFO - Starting application main loop
2024-10-28 22:53:59,106 - TextChanger - INFO - Initializing application...
2024-10-28 22:53:59,489 - TextChanger - INFO - Starting application main loop
2024-10-28 22:55:49,050 - TextChanger - INFO - Initializing application...
2024-10-28 22:55:49,444 - TextChanger - INFO - Starting application main loop
2024-10-28 22:58:11,802 - TextChanger - INFO - Initializing application...
2024-10-28 22:58:12,177 - TextChanger - INFO - Starting application main loop
2024-10-28 22:59:03,199 - TextChanger - INFO - Initializing application...
2024-10-28 22:59:03,562 - TextChanger - INFO - Starting application main loop
2024-10-28 23:01:15,348 - TextChanger - INFO - Initializing application...
2024-10-28 23:01:15,776 - TextChanger - INFO - Starting application main loop
2024-10-28 23:02:38,572 - TextChanger - INFO - Initializing application...
2024-10-28 23:02:38,574 - TextChanger - ERROR - Failed to initialize application: 'TextReplacer' object has no attribute 'start'
2024-10-28 23:03:34,013 - TextChanger - INFO - Initializing application...
2024-10-28 23:03:34,372 - TextChanger - INFO - Starting application main loop
2024-10-28 23:03:51,987 - TextChanger - INFO - Initializing application...
2024-10-28 23:03:52,375 - TextChanger - INFO - Starting application main loop
2024-10-28 23:04:09,812 - TextChanger - INFO - Initializing application...
2024-10-28 23:04:10,172 - TextChanger - INFO - Starting application main loop
2024-10-28 23:04:58,694 - TextChanger - INFO - Initializing application...
2024-10-28 23:04:59,161 - TextChanger - INFO - Starting application main loop
2024-10-28 23:05:11,752 - TextChanger - INFO - Initializing application...
2024-10-28 23:05:12,109 - TextChanger - INFO - Starting application main loop
2024-10-28 23:06:23,646 - TextChanger - INFO - Initializing application...
2024-10-28 23:06:24,016 - TextChanger - INFO - Starting application main loop
2024-10-28 23:14:22,078 - TextChanger - INFO - Initializing application...
2024-10-28 23:14:28,872 - TextChanger - ERROR - Failed to initialize application: 'NoneType' object has no attribute 'on_status_change'
2024-10-28 23:16:34,263 - TextChanger - INFO - Initializing application...
2024-10-28 23:16:40,446 - TextChanger - ERROR - Failed to initialize application: 'NoneType' object has no attribute 'on_status_change'
