2024-11-03 12:27:40,541 - TextChanger - INFO - Initializing application...
2024-11-03 12:27:42,037 - TextChanger - INFO - Starting application main loop
2024-11-03 12:34:25,523 - TextChanger - INFO - Initializing application...
2024-11-03 12:34:26,895 - TextChanger - INFO - Starting application main loop
2024-11-03 12:34:50,780 - TextChanger - INFO - Initializing application...
2024-11-03 12:34:52,209 - TextChanger - INFO - Starting application main loop
2024-11-03 12:35:25,321 - TextChanger - INFO - Initializing application...
2024-11-03 12:35:26,799 - TextChanger - INFO - Starting application main loop
2024-11-03 12:39:51,485 - TextChanger - INFO - Initializing application...
2024-11-03 12:39:52,864 - TextChanger - INFO - Starting application main loop
2024-11-03 12:53:24,217 - TextChanger - INFO - Initializing application...
2024-11-03 12:53:24,932 - TextChanger - ERROR - Failed to initialize application: name 'HotkeyTab' is not defined
2024-11-03 13:11:13,137 - TextChanger - INFO - Initializing application...
2024-11-03 13:11:13,868 - TextChanger - ERROR - Failed to initialize application: can't set attribute 'service_var'
2024-11-03 19:16:41,041 - TextChanger - INFO - Initializing application...
2024-11-03 19:16:41,785 - TextChanger - ERROR - Failed to initialize application: can't set attribute 'service_var'
2024-11-03 19:18:37,890 - TextChanger - INFO - Initializing application...
2024-11-03 19:18:38,599 - TextChanger - ERROR - Failed to initialize application: can't set attribute 'service_var'
2024-11-03 19:24:25,205 - TextChanger - INFO - Initializing application...
2024-11-03 19:24:26,011 - TextChanger - ERROR - Failed to initialize application: can't set attribute 'service_var'
2024-11-03 19:47:18,563 - TextChanger - INFO - Initializing application...
2024-11-03 19:47:19,329 - TextChanger - ERROR - Failed to initialize application: can't set attribute 'service_var'
2024-11-03 20:01:48,331 - TextChanger - INFO - Initializing application...
2024-11-03 20:01:49,272 - TextChanger - ERROR - Failed to initialize application: can't set attribute 'service_var'
2024-11-03 20:05:08,721 - TextChanger - INFO - Initializing application...
2024-11-03 20:05:10,499 - TextChanger - ERROR - Failed to initialize application: Frame.__init__() takes from 1 to 2 positional arguments but 6 were given
2024-11-03 20:32:45,271 - TextChanger - INFO - Initializing application...
2024-11-03 20:32:46,001 - TextChanger - ERROR - Failed to initialize application: can't set attribute 'service_var'
2024-11-03 20:36:28,356 - TextChanger - INFO - Initializing application...
2024-11-03 20:36:30,010 - TextChanger - ERROR - Failed to initialize application: unknown option "-parent"
2024-11-03 20:37:54,646 - TextChanger - INFO - Initializing application...
2024-11-03 20:37:56,443 - TextChanger - ERROR - Failed to initialize application: 'CredentialsTab' object has no attribute 'create_service_selection'
2024-11-03 20:39:48,785 - TextChanger - INFO - Initializing application...
2024-11-03 20:39:50,544 - TextChanger - ERROR - Failed to initialize application: 'MainWindow' object has no attribute 'delete_credential'
2024-11-03 20:44:03,238 - TextChanger - INFO - Initializing application...
2024-11-03 20:44:11,453 - TextChanger - INFO - Starting application main loop
2024-11-03 20:45:22,534 - TextChanger - INFO - Initializing application...
2024-11-03 20:45:27,326 - TextChanger - INFO - Starting application main loop
2024-11-03 20:49:07,085 - TextChanger - INFO - Initializing application...
2024-11-03 20:49:08,990 - TextChanger - INFO - Starting application main loop
2024-11-03 20:50:24,858 - TextChanger - INFO - Initializing application...
2024-11-03 20:50:26,862 - TextChanger - INFO - Starting application main loop
2024-11-03 20:52:22,530 - TextChanger - INFO - Initializing application...
2024-11-03 20:52:24,434 - TextChanger - INFO - Starting application main loop
2024-11-03 20:54:14,857 - TextChanger - INFO - Initializing application...
2024-11-03 20:54:16,789 - TextChanger - INFO - Starting application main loop
2024-11-03 21:06:18,828 - TextChanger - INFO - Initializing application...
2024-11-03 21:06:20,699 - TextChanger - INFO - Starting application main loop
2024-11-03 21:08:34,738 - TextChanger - INFO - Initializing application...
2024-11-03 21:08:36,639 - TextChanger - INFO - Starting application main loop
2024-11-03 21:12:06,051 - TextChanger - INFO - Initializing application...
2024-11-03 21:12:08,151 - TextChanger - INFO - Starting application main loop
2024-11-03 21:13:13,810 - TextChanger - INFO - Initializing application...
2024-11-03 21:13:15,748 - TextChanger - INFO - Starting application main loop
2024-11-03 21:16:26,695 - TextChanger - INFO - Initializing application...
2024-11-03 21:16:26,697 - TextChanger - ERROR - Failed to initialize application: 'DatabaseManager' object has no attribute 'execute_query'
2024-11-03 21:19:46,156 - TextChanger - INFO - Initializing application...
2024-11-03 21:19:48,048 - TextChanger - INFO - Starting application main loop
2024-11-03 21:58:26,139 - TextChanger - INFO - Initializing application...
2024-11-03 21:58:28,075 - TextChanger - INFO - Starting application main loop
2024-11-03 22:01:02,179 - TextChanger - INFO - Initializing application...
2024-11-03 22:01:04,156 - TextChanger - INFO - Starting application main loop
2024-11-03 22:04:37,097 - TextChanger - INFO - Initializing application...
2024-11-03 22:04:39,009 - TextChanger - INFO - Starting application main loop
2024-11-03 22:33:58,999 - TextChanger - INFO - Initializing application...
2024-11-03 22:34:01,121 - TextChanger - INFO - Starting application main loop
2024-11-03 22:36:14,407 - TextChanger - INFO - Initializing application...
2024-11-03 22:36:16,452 - TextChanger - INFO - Starting application main loop
2024-11-03 22:36:33,128 - TextChanger - INFO - Initializing application...
2024-11-03 22:36:35,068 - TextChanger - INFO - Starting application main loop
2024-11-03 22:36:43,317 - TextChanger - INFO - Initializing application...
2024-11-03 22:36:45,226 - TextChanger - INFO - Starting application main loop
2024-11-03 22:46:44,335 - TextChanger - INFO - Initializing application...
2024-11-03 22:46:46,263 - TextChanger - INFO - Starting application main loop
2024-11-03 22:56:06,176 - TextChanger - INFO - Initializing application...
2024-11-03 22:56:08,050 - TextChanger - INFO - Starting application main loop
2024-11-03 22:59:06,303 - TextChanger - INFO - Initializing application...
2024-11-03 22:59:08,205 - TextChanger - INFO - Starting application main loop
2024-11-03 23:06:48,344 - TextChanger - INFO - Initializing application...
2024-11-03 23:06:50,098 - TextChanger - ERROR - Failed to initialize application: 'Sidebar' object has no attribute 'minsize'
2024-11-03 23:07:04,370 - TextChanger - INFO - Initializing application...
2024-11-03 23:07:06,252 - TextChanger - INFO - Starting application main loop
2024-11-03 23:09:26,559 - TextChanger - INFO - Initializing application...
2024-11-03 23:09:28,330 - TextChanger - ERROR - Failed to initialize application: 'ShortcutsTab' object has no attribute 'minsize'
2024-11-03 23:10:37,002 - TextChanger - INFO - Initializing application...
2024-11-03 23:10:38,981 - TextChanger - INFO - Starting application main loop
2024-11-03 23:13:38,621 - TextChanger - INFO - Initializing application...
2024-11-03 23:13:40,552 - TextChanger - INFO - Starting application main loop
2024-11-03 23:14:16,686 - TextChanger - INFO - Initializing application...
2024-11-03 23:14:18,402 - TextChanger - ERROR - Failed to initialize application: 'Sidebar' object has no attribute 'minsize'
2024-11-03 23:14:33,753 - TextChanger - INFO - Initializing application...
2024-11-03 23:14:35,651 - TextChanger - INFO - Starting application main loop
