2024-11-02 02:02:43,666 - TextChanger - INFO - Initializing application...
2024-11-02 02:02:45,148 - TextChanger - INFO - Starting application main loop
2024-11-02 02:12:18,920 - TextChanger - INFO - Initializing application...
2024-11-02 02:12:19,717 - TextChanger - INFO - Starting application main loop
2024-11-02 02:13:36,741 - TextChanger - INFO - Initializing application...
2024-11-02 02:13:37,514 - TextChanger - INFO - Starting application main loop
2024-11-02 02:25:24,128 - TextChanger - INFO - Initializing application...
2024-11-02 02:25:24,882 - TextChanger - INFO - Starting application main loop
2024-11-02 02:27:14,280 - TextChanger - INFO - Initializing application...
2024-11-02 02:27:15,039 - TextChanger - INFO - Starting application main loop
2024-11-02 02:30:36,840 - TextChanger - INFO - Initializing application...
2024-11-02 02:30:37,626 - TextChanger - INFO - Starting application main loop
2024-11-02 02:34:49,505 - TextChanger - INFO - Initializing application...
2024-11-02 02:34:50,293 - TextChanger - INFO - Starting application main loop
2024-11-02 02:36:27,027 - TextChanger - INFO - Initializing application...
2024-11-02 02:36:27,832 - TextChanger - INFO - Starting application main loop
2024-11-02 02:51:11,141 - TextChanger - INFO - Initializing application...
2024-11-02 02:51:11,930 - TextChanger - INFO - Starting application main loop
2024-11-02 02:51:36,456 - TextChanger - INFO - Initializing application...
2024-11-02 02:51:37,285 - TextChanger - INFO - Starting application main loop
2024-11-02 02:53:07,785 - TextChanger - INFO - Initializing application...
2024-11-02 02:53:08,615 - TextChanger - INFO - Starting application main loop
2024-11-02 02:54:02,877 - TextChanger - INFO - Initializing application...
2024-11-02 02:54:03,683 - TextChanger - INFO - Starting application main loop
2024-11-02 02:54:54,691 - TextChanger - INFO - Initializing application...
2024-11-02 02:54:55,459 - TextChanger - INFO - Starting application main loop
2024-11-02 02:57:27,246 - TextChanger - INFO - Initializing application...
2024-11-02 02:57:28,080 - TextChanger - INFO - Starting application main loop
2024-11-02 02:58:48,095 - TextChanger - INFO - Initializing application...
2024-11-02 02:58:48,950 - TextChanger - INFO - Starting application main loop
2024-11-02 03:01:34,648 - TextChanger - INFO - Initializing application...
2024-11-02 03:01:35,444 - TextChanger - INFO - Starting application main loop
2024-11-02 03:03:11,287 - TextChanger - INFO - Initializing application...
2024-11-02 03:03:12,083 - TextChanger - INFO - Starting application main loop
2024-11-02 03:07:41,055 - TextChanger - INFO - Initializing application...
2024-11-02 03:07:41,059 - TextChanger - ERROR - Failed to initialize application: 'SystemTrayService' object has no attribute 'logger'
2024-11-02 03:07:47,099 - TextChanger - INFO - Initializing application...
2024-11-02 03:07:47,104 - TextChanger - ERROR - Failed to initialize application: 'SystemTrayService' object has no attribute 'logger'
2024-11-02 03:09:36,245 - TextChanger - INFO - Initializing application...
2024-11-02 03:09:36,249 - TextChanger - ERROR - Failed to initialize application: 'SystemTrayService' object has no attribute 'logger'
2024-11-02 03:11:13,624 - TextChanger - INFO - Initializing application...
2024-11-02 03:11:14,394 - TextChanger - INFO - Starting application main loop
2024-11-02 03:11:53,721 - TextChanger - INFO - Initializing application...
2024-11-02 03:11:54,498 - TextChanger - INFO - Starting application main loop
2024-11-02 03:12:21,634 - TextChanger - INFO - Initializing application...
2024-11-02 03:12:22,408 - TextChanger - INFO - Starting application main loop
2024-11-02 03:27:40,395 - TextChanger - INFO - Initializing application...
2024-11-02 03:27:41,163 - TextChanger - INFO - Starting application main loop
2024-11-02 03:31:01,597 - TextChanger - INFO - Initializing application...
2024-11-02 03:31:02,418 - TextChanger - INFO - Starting application main loop
2024-11-02 04:01:13,059 - TextChanger - INFO - Initializing application...
2024-11-02 04:01:14,320 - TextChanger - ERROR - Failed to initialize application: cannot use geometry manager pack inside .!sidebar which already has slaves managed by grid
2024-11-02 04:05:39,309 - TextChanger - INFO - Initializing application...
2024-11-02 04:05:43,620 - TextChanger - ERROR - Failed to initialize application: cannot use geometry manager pack inside .!sidebar which already has slaves managed by grid
2024-11-02 04:05:51,409 - TextChanger - INFO - Initializing application...
2024-11-02 04:05:58,245 - TextChanger - ERROR - Failed to initialize application: cannot use geometry manager pack inside .!sidebar which already has slaves managed by grid
2024-11-02 04:07:13,447 - TextChanger - INFO - Initializing application...
2024-11-02 04:07:15,939 - TextChanger - ERROR - Failed to initialize application: cannot use geometry manager pack inside .!sidebar which already has slaves managed by grid
2024-11-02 04:07:37,080 - TextChanger - INFO - Initializing application...
2024-11-02 04:07:39,905 - TextChanger - ERROR - Failed to initialize application: cannot use geometry manager pack inside .!sidebar which already has slaves managed by grid
2024-11-02 04:14:07,939 - TextChanger - INFO - Initializing application...
2024-11-02 04:14:11,149 - TextChanger - ERROR - Failed to initialize application: cannot use geometry manager pack inside .!sidebar which already has slaves managed by grid
2024-11-02 04:18:42,631 - TextChanger - INFO - Initializing application...
2024-11-02 04:18:46,612 - TextChanger - ERROR - Failed to initialize application: 'Sidebar' object has no attribute 'shortcut_list'
2024-11-02 04:18:53,829 - TextChanger - INFO - Initializing application...
2024-11-02 04:22:28,507 - TextChanger - ERROR - Failed to initialize application: 'Sidebar' object has no attribute 'shortcut_list'
2024-11-02 04:22:30,640 - TextChanger - INFO - Initializing application...
2024-11-02 04:22:31,760 - TextChanger - ERROR - Failed to initialize application: 'Sidebar' object has no attribute 'shortcut_list'
2024-11-02 04:24:23,405 - TextChanger - INFO - Initializing application...
2024-11-02 04:24:37,147 - TextChanger - INFO - Starting application main loop
2024-11-02 04:28:08,013 - TextChanger - INFO - Initializing application...
2024-11-02 04:28:09,568 - TextChanger - INFO - Starting application main loop
2024-11-02 04:30:13,599 - TextChanger - INFO - Initializing application...
2024-11-02 04:30:14,926 - TextChanger - INFO - Starting application main loop
2024-11-02 04:34:52,061 - TextChanger - INFO - Initializing application...
2024-11-02 04:34:53,334 - TextChanger - INFO - Starting application main loop
2024-11-02 04:37:51,141 - TextChanger - INFO - Initializing application...
2024-11-02 04:37:52,480 - TextChanger - INFO - Starting application main loop
2024-11-02 04:37:59,414 - TextChanger - INFO - Initializing application...
2024-11-02 04:38:00,789 - TextChanger - INFO - Starting application main loop
2024-11-02 04:39:54,125 - TextChanger - INFO - Initializing application...
2024-11-02 04:39:55,478 - TextChanger - INFO - Starting application main loop
2024-11-02 04:45:13,730 - TextChanger - INFO - Initializing application...
2024-11-02 04:45:14,888 - TextChanger - ERROR - Failed to initialize application: 'Sidebar' object has no attribute 'on_service_change'
2024-11-02 04:46:29,072 - TextChanger - INFO - Initializing application...
2024-11-02 04:46:30,215 - TextChanger - ERROR - Failed to initialize application: 'Sidebar' object has no attribute 'on_service_change'
2024-11-02 04:48:12,159 - TextChanger - INFO - Initializing application...
2024-11-02 04:48:13,260 - TextChanger - ERROR - Failed to initialize application: 'Sidebar' object has no attribute 'load_services'
2024-11-02 04:50:13,402 - TextChanger - INFO - Initializing application...
2024-11-02 04:50:14,715 - TextChanger - INFO - Starting application main loop
2024-11-02 04:53:58,686 - TextChanger - INFO - Initializing application...
2024-11-02 04:54:00,130 - TextChanger - INFO - Starting application main loop
2024-11-02 04:55:00,390 - TextChanger - INFO - Initializing application...
2024-11-02 04:55:01,734 - TextChanger - INFO - Starting application main loop
2024-11-02 04:57:54,281 - TextChanger - INFO - Initializing application...
2024-11-02 04:57:55,687 - TextChanger - INFO - Starting application main loop
2024-11-02 04:59:15,108 - TextChanger - INFO - Initializing application...
2024-11-02 04:59:16,470 - TextChanger - INFO - Starting application main loop
2024-11-02 05:04:02,463 - TextChanger - INFO - Initializing application...
2024-11-02 05:04:03,863 - TextChanger - INFO - Starting application main loop
2024-11-02 05:08:34,612 - TextChanger - INFO - Initializing application...
2024-11-02 05:08:36,016 - TextChanger - INFO - Starting application main loop
2024-11-02 05:11:37,942 - TextChanger - INFO - Initializing application...
2024-11-02 05:11:39,286 - TextChanger - INFO - Starting application main loop
2024-11-02 05:14:46,956 - TextChanger - INFO - Initializing application...
2024-11-02 05:14:47,664 - TextChanger - ERROR - Failed to initialize application: unknown option "-main_window"
2024-11-02 05:15:01,721 - TextChanger - INFO - Initializing application...
2024-11-02 05:15:03,074 - TextChanger - INFO - Starting application main loop
2024-11-02 05:16:55,316 - TextChanger - INFO - Initializing application...
2024-11-02 05:16:56,000 - TextChanger - ERROR - Failed to initialize application: unknown option "-main_window"
2024-11-02 05:18:30,222 - TextChanger - INFO - Initializing application...
2024-11-02 05:18:31,545 - TextChanger - INFO - Starting application main loop
2024-11-02 05:19:23,439 - TextChanger - INFO - Initializing application...
2024-11-02 05:19:24,818 - TextChanger - INFO - Starting application main loop
2024-11-02 05:25:55,835 - TextChanger - INFO - Initializing application...
2024-11-02 05:25:57,284 - TextChanger - INFO - Starting application main loop
2024-11-02 05:32:21,855 - TextChanger - INFO - Initializing application...
2024-11-02 05:32:23,228 - TextChanger - INFO - Starting application main loop
2024-11-02 05:34:16,470 - TextChanger - INFO - Initializing application...
2024-11-02 05:34:17,975 - TextChanger - INFO - Starting application main loop
2024-11-02 05:35:23,309 - TextChanger - INFO - Initializing application...
2024-11-02 05:35:24,664 - TextChanger - INFO - Starting application main loop
2024-11-02 05:36:59,802 - TextChanger - INFO - Initializing application...
2024-11-02 05:37:01,220 - TextChanger - INFO - Starting application main loop
2024-11-02 05:39:37,842 - TextChanger - INFO - Initializing application...
2024-11-02 05:39:39,225 - TextChanger - INFO - Starting application main loop
2024-11-02 05:40:54,124 - TextChanger - INFO - Initializing application...
2024-11-02 05:40:55,501 - TextChanger - INFO - Starting application main loop
2024-11-02 05:42:15,825 - TextChanger - INFO - Initializing application...
2024-11-02 05:42:17,180 - TextChanger - INFO - Starting application main loop
2024-11-02 05:42:55,514 - TextChanger - INFO - Initializing application...
2024-11-02 05:42:56,905 - TextChanger - INFO - Starting application main loop
2024-11-02 05:45:37,000 - TextChanger - INFO - Initializing application...
2024-11-02 05:45:38,360 - TextChanger - INFO - Starting application main loop
2024-11-02 05:46:09,278 - TextChanger - INFO - Initializing application...
2024-11-02 05:46:10,583 - TextChanger - INFO - Starting application main loop
2024-11-02 05:47:37,467 - TextChanger - INFO - Initializing application...
2024-11-02 05:47:38,774 - TextChanger - INFO - Starting application main loop
2024-11-02 05:50:05,147 - TextChanger - INFO - Initializing application...
2024-11-02 05:50:06,520 - TextChanger - INFO - Starting application main loop
2024-11-02 05:51:21,811 - TextChanger - INFO - Initializing application...
2024-11-02 05:51:22,917 - TextChanger - ERROR - Failed to initialize application: 'Sidebar' object has no attribute 'setup_credentials_list'
2024-11-02 05:55:25,974 - TextChanger - INFO - Initializing application...
2024-11-02 05:55:27,068 - TextChanger - ERROR - Failed to initialize application: Invalid column index ID
2024-11-02 05:56:16,313 - TextChanger - INFO - Initializing application...
2024-11-02 05:56:17,687 - TextChanger - INFO - Starting application main loop
2024-11-02 05:58:50,767 - TextChanger - INFO - Initializing application...
2024-11-02 05:58:52,101 - TextChanger - INFO - Starting application main loop
2024-11-02 05:59:36,518 - TextChanger - INFO - Initializing application...
2024-11-02 05:59:37,816 - TextChanger - INFO - Starting application main loop
2024-11-02 06:02:58,232 - TextChanger - INFO - Initializing application...
2024-11-02 06:02:59,595 - TextChanger - INFO - Starting application main loop
2024-11-02 06:04:52,762 - TextChanger - INFO - Initializing application...
2024-11-02 06:04:54,118 - TextChanger - INFO - Starting application main loop
2024-11-02 06:05:55,829 - TextChanger - INFO - Initializing application...
2024-11-02 06:05:57,184 - TextChanger - INFO - Starting application main loop
2024-11-02 06:07:40,195 - TextChanger - INFO - Initializing application...
2024-11-02 06:07:41,598 - TextChanger - INFO - Starting application main loop
2024-11-02 06:09:34,286 - TextChanger - INFO - Initializing application...
2024-11-02 06:09:35,663 - TextChanger - INFO - Starting application main loop
2024-11-02 06:11:05,216 - TextChanger - INFO - Initializing application...
2024-11-02 06:11:06,289 - TextChanger - ERROR - Failed to initialize application: Invalid column index Content5
2024-11-02 06:11:40,106 - TextChanger - INFO - Initializing application...
2024-11-02 06:11:41,529 - TextChanger - INFO - Starting application main loop
2024-11-02 06:12:19,795 - TextChanger - INFO - Initializing application...
2024-11-02 06:12:20,879 - TextChanger - ERROR - Failed to initialize application: Invalid column index Content3
2024-11-02 06:12:59,813 - TextChanger - INFO - Initializing application...
2024-11-02 06:13:00,933 - TextChanger - ERROR - Failed to initialize application: Invalid column index Content1
2024-11-02 06:13:27,531 - TextChanger - INFO - Initializing application...
2024-11-02 06:13:28,745 - TextChanger - ERROR - Failed to initialize application: Invalid column index Content4
2024-11-02 06:13:39,249 - TextChanger - INFO - Initializing application...
2024-11-02 06:13:40,557 - TextChanger - INFO - Starting application main loop
2024-11-02 06:14:49,877 - TextChanger - INFO - Initializing application...
2024-11-02 06:14:51,231 - TextChanger - INFO - Starting application main loop
2024-11-02 06:15:45,502 - TextChanger - INFO - Initializing application...
2024-11-02 06:15:46,821 - TextChanger - INFO - Starting application main loop
2024-11-02 06:40:39,480 - TextChanger - INFO - Initializing application...
2024-11-02 06:40:40,641 - TextChanger - ERROR - Failed to initialize application: unknown option "-style"
2024-11-02 06:42:34,779 - TextChanger - INFO - Initializing application...
2024-11-02 06:42:35,845 - TextChanger - ERROR - Failed to initialize application: name 'FONTS' is not defined
2024-11-02 06:44:46,843 - TextChanger - INFO - Initializing application...
2024-11-02 06:44:47,933 - TextChanger - ERROR - Failed to initialize application: unknown option "-font"
2024-11-02 06:47:15,752 - TextChanger - INFO - Initializing application...
2024-11-02 06:47:17,107 - TextChanger - INFO - Starting application main loop
2024-11-02 06:50:49,784 - TextChanger - INFO - Initializing application...
2024-11-02 06:50:51,110 - TextChanger - INFO - Starting application main loop
2024-11-02 06:55:10,774 - TextChanger - INFO - Initializing application...
2024-11-02 06:55:12,138 - TextChanger - INFO - Starting application main loop
2024-11-02 06:59:08,545 - TextChanger - INFO - Initializing application...
2024-11-02 06:59:11,152 - TextChanger - ERROR - Failed to initialize application: Database error: no such table: services
2024-11-02 06:59:36,020 - TextChanger - INFO - Initializing application...
2024-11-02 06:59:37,500 - TextChanger - INFO - Starting application main loop
2024-11-02 07:03:35,112 - TextChanger - INFO - Initializing application...
2024-11-02 07:03:36,462 - TextChanger - INFO - Starting application main loop
2024-11-02 07:05:27,429 - TextChanger - INFO - Initializing application...
2024-11-02 07:05:28,733 - TextChanger - INFO - Starting application main loop
2024-11-02 14:42:35,521 - TextChanger - INFO - Initializing application...
2024-11-02 14:42:37,121 - TextChanger - INFO - Starting application main loop
